<?xml version="1.0" encoding="UTF-8"?>
<!-- Generated by org.testng.reporters.JUnitReportReporter -->
<testsuite hostname="Jemy" failures="0" tests="1" name="tests.UserRegsterationTest" time="0.290" errors="0" timestamp="2024-02-13T21:16:15 EET" skipped="0">
  <testcase classname="tests.UserRegsterationTest" name="userCanRegisterationSuccssefullay" time="0.290"/>
</testsuite> <!-- tests.UserRegsterationTest -->
