<?xml version="1.0" encoding="UTF-8"?>
<!-- Generated by org.testng.reporters.JUnitReportReporter -->
<testsuite hostname="Jemy" failures="0" tests="6" name="tests.RegisteredUserCheckoutProductTest" time="16.524" errors="0" timestamp="2024-02-13T23:13:07 EET" skipped="0">
  <testcase classname="tests.RegisteredUserCheckoutProductTest" name="LoginAndAddToCart" time="2.326"/>
  <testcase classname="tests.RegisteredUserCheckoutProductTest" name="goToCartTest" time="2.069"/>
  <testcase classname="tests.RegisteredUserCheckoutProductTest" name="OrderInDetails" time="1.134"/>
  <testcase classname="tests.RegisteredUserCheckoutProductTest" name="filTheForm" time="2.501"/>
  <testcase classname="tests.RegisteredUserCheckoutProductTest" name="confirmOrderTest" time="4.169"/>
  <testcase classname="tests.RegisteredUserCheckoutProductTest" name="userlogout" time="4.325"/>
</testsuite> <!-- tests.RegisteredUserCheckoutProductTest -->
